2024-09-28 16:19:38,590 - root - INFO - train: torch.Size([4195, 51, 1, 30]), torch.Size([4195, 51, 1, 30])
2024-09-28 16:19:38,590 - root - INFO - val: torch.Size([1027, 51, 1, 30]), torch.Size([1027, 51, 1, 30])
2024-09-28 16:19:38,591 - root - INFO - 训练集文件data/SWAT/train_swat_gcn.npz
2024-09-28 16:19:38,607 - root - INFO - Grelen(
  (graph_learner): Graph_learner(
    (mlp1): MLP(
      (fc1): Linear(in_features=30, out_features=64, bias=True)
      (fc2): Linear(in_features=64, out_features=64, bias=True)
      (bn): BatchNorm1d(64, eps=1e-05, momentum=0.1, affine=True, track_running_stats=True)
    )
    (Wq): Linear(in_features=64, out_features=128, bias=True)
    (Wk): Linear(in_features=64, out_features=128, bias=True)
  )
  (linear1): Linear(in_features=1, out_features=64, bias=True)
  (encoder_model): ModuleList(
    (0-2): 3 x EncoderModel(
      (dcgru_layers): ModuleList(
        (0): GraphConvolution(
          (_gconv): Linear(in_features=64, out_features=64, bias=True)
        )
      )
    )
  )
  (linear_out): Linear(in_features=64, out_features=1, bias=True)
)
2024-09-28 16:19:41,660 - root - INFO - epoch: 0, validation loss: 4.34
2024-09-28 16:19:41,664 - root - INFO - save parameters to file: experiments/swat_test/epoch_0.params
2024-09-28 16:19:50,406 - root - INFO - epoch: 0, kl loss: 0.63, nll loss: 0.65
2024-09-28 16:19:51,969 - root - INFO - epoch: 1, validation loss: 0.74
2024-09-28 16:19:51,973 - root - INFO - save parameters to file: experiments/swat_test/epoch_1.params
2024-09-28 16:20:00,949 - root - INFO - epoch: 1, kl loss: 0.53, nll loss: 0.13
2024-09-28 16:20:02,429 - root - INFO - epoch: 2, validation loss: 0.64
2024-09-28 16:20:02,433 - root - INFO - save parameters to file: experiments/swat_test/epoch_2.params
2024-09-28 16:20:11,345 - root - INFO - epoch: 2, kl loss: 0.47, nll loss: 0.12
2024-09-28 16:20:12,849 - root - INFO - epoch: 3, validation loss: 0.52
2024-09-28 16:20:12,854 - root - INFO - save parameters to file: experiments/swat_test/epoch_3.params
2024-09-28 16:20:22,727 - root - INFO - epoch: 3, kl loss: 0.21, nll loss: 0.12
2024-09-28 16:20:24,228 - root - INFO - epoch: 4, validation loss: 0.14
2024-09-28 16:20:24,233 - root - INFO - save parameters to file: experiments/swat_test/epoch_4.params
2024-09-28 16:20:32,634 - root - INFO - epoch: 4, kl loss: 0.01, nll loss: 0.12
2024-09-28 16:20:34,100 - root - INFO - epoch: 5, validation loss: 0.12
2024-09-28 16:20:34,104 - root - INFO - save parameters to file: experiments/swat_test/epoch_5.params
2024-09-28 16:20:44,210 - root - INFO - epoch: 5, kl loss: 0.00, nll loss: 0.12
2024-09-28 16:20:45,837 - root - INFO - epoch: 6, validation loss: 0.12
2024-09-28 16:20:45,842 - root - INFO - save parameters to file: experiments/swat_test/epoch_6.params
2024-09-28 16:20:55,441 - root - INFO - epoch: 6, kl loss: 0.00, nll loss: 0.12
2024-09-28 16:20:57,022 - root - INFO - epoch: 7, validation loss: 0.12
2024-09-28 16:21:07,138 - root - INFO - epoch: 7, kl loss: 0.00, nll loss: 0.12
2024-09-28 16:21:08,606 - root - INFO - epoch: 8, validation loss: 0.12
2024-09-28 16:21:08,610 - root - INFO - save parameters to file: experiments/swat_test/epoch_8.params
2024-09-28 16:21:17,377 - root - INFO - epoch: 8, kl loss: 0.00, nll loss: 0.12
2024-09-28 16:21:18,896 - root - INFO - epoch: 9, validation loss: 0.12
2024-09-28 16:21:18,900 - root - INFO - save parameters to file: experiments/swat_test/epoch_9.params
2024-09-28 16:21:28,958 - root - INFO - epoch: 9, kl loss: 0.00, nll loss: 0.12
2024-09-28 16:21:30,362 - root - INFO - epoch: 10, validation loss: 0.12
2024-09-28 16:21:30,366 - root - INFO - save parameters to file: experiments/swat_test/epoch_10.params
2024-09-28 16:21:38,945 - root - INFO - epoch: 10, kl loss: 0.00, nll loss: 0.12
2024-09-28 16:21:40,445 - root - INFO - epoch: 11, validation loss: 0.12
2024-09-28 16:21:40,449 - root - INFO - save parameters to file: experiments/swat_test/epoch_11.params
2024-09-28 16:21:49,914 - root - INFO - epoch: 11, kl loss: 0.00, nll loss: 0.12
2024-09-28 16:21:51,278 - root - INFO - epoch: 12, validation loss: 0.12
2024-09-28 16:22:00,438 - root - INFO - epoch: 12, kl loss: 0.00, nll loss: 0.12
2024-09-28 16:22:01,908 - root - INFO - epoch: 13, validation loss: 0.12
2024-09-28 16:22:01,913 - root - INFO - save parameters to file: experiments/swat_test/epoch_13.params
2024-09-28 16:22:10,833 - root - INFO - epoch: 13, kl loss: 0.00, nll loss: 0.12
2024-09-28 16:22:12,531 - root - INFO - epoch: 14, validation loss: 0.12
2024-09-28 16:22:12,535 - root - INFO - save parameters to file: experiments/swat_test/epoch_14.params
2024-09-28 16:22:20,944 - root - INFO - epoch: 14, kl loss: 0.00, nll loss: 0.12
2024-09-28 16:22:22,403 - root - INFO - epoch: 15, validation loss: 0.12
2024-09-28 16:22:30,709 - root - INFO - epoch: 15, kl loss: 0.00, nll loss: 0.12
2024-09-28 16:22:31,972 - root - INFO - epoch: 16, validation loss: 0.12
2024-09-28 16:22:31,975 - root - INFO - save parameters to file: experiments/swat_test/epoch_16.params
2024-09-28 16:22:41,526 - root - INFO - epoch: 16, kl loss: 0.00, nll loss: 0.12
2024-09-28 16:22:43,589 - root - INFO - epoch: 17, validation loss: 0.12
2024-09-28 16:22:43,594 - root - INFO - save parameters to file: experiments/swat_test/epoch_17.params
2024-09-28 16:22:53,462 - root - INFO - epoch: 17, kl loss: 0.00, nll loss: 0.12
2024-09-28 16:22:55,302 - root - INFO - epoch: 18, validation loss: 0.12
2024-09-28 16:22:55,306 - root - INFO - save parameters to file: experiments/swat_test/epoch_18.params
2024-09-28 16:23:05,370 - root - INFO - epoch: 18, kl loss: 0.00, nll loss: 0.12
2024-09-28 16:23:06,732 - root - INFO - epoch: 19, validation loss: 0.12
2024-09-28 16:23:16,358 - root - INFO - epoch: 19, kl loss: 0.00, nll loss: 0.12
2024-09-28 16:23:18,134 - root - INFO - epoch: 20, validation loss: 0.12
2024-09-28 16:23:18,138 - root - INFO - save parameters to file: experiments/swat_test/epoch_20.params
2024-09-28 16:23:26,561 - root - INFO - epoch: 20, kl loss: 0.00, nll loss: 0.12
2024-09-28 16:23:27,828 - root - INFO - epoch: 21, validation loss: 0.12
2024-09-28 16:23:27,832 - root - INFO - save parameters to file: experiments/swat_test/epoch_21.params
2024-09-28 16:23:37,014 - root - INFO - epoch: 21, kl loss: 0.00, nll loss: 0.12
2024-09-28 16:23:38,953 - root - INFO - epoch: 22, validation loss: 0.12
2024-09-28 16:23:48,377 - root - INFO - epoch: 22, kl loss: 0.00, nll loss: 0.12
2024-09-28 16:23:49,800 - root - INFO - epoch: 23, validation loss: 0.12
2024-09-28 16:23:59,389 - root - INFO - epoch: 23, kl loss: 0.00, nll loss: 0.12
2024-09-28 16:24:00,756 - root - INFO - epoch: 24, validation loss: 0.12
2024-09-28 16:24:09,798 - root - INFO - epoch: 24, kl loss: 0.00, nll loss: 0.12
2024-09-28 16:24:11,238 - root - INFO - epoch: 25, validation loss: 0.12
2024-09-28 16:24:11,241 - root - INFO - save parameters to file: experiments/swat_test/epoch_25.params
2024-09-28 16:24:20,881 - root - INFO - epoch: 25, kl loss: 0.00, nll loss: 0.12
2024-09-28 16:24:22,375 - root - INFO - epoch: 26, validation loss: 0.12
2024-09-28 16:24:22,378 - root - INFO - save parameters to file: experiments/swat_test/epoch_26.params
2024-09-28 16:24:32,537 - root - INFO - epoch: 26, kl loss: 0.00, nll loss: 0.12
2024-09-28 16:24:34,256 - root - INFO - epoch: 27, validation loss: 0.12
2024-09-28 16:24:34,261 - root - INFO - save parameters to file: experiments/swat_test/epoch_27.params
2024-09-28 16:24:43,021 - root - INFO - epoch: 27, kl loss: 0.00, nll loss: 0.12
2024-09-28 16:24:45,349 - root - INFO - epoch: 28, validation loss: 0.12
2024-09-28 16:24:45,353 - root - INFO - save parameters to file: experiments/swat_test/epoch_28.params
2024-09-28 16:24:55,101 - root - INFO - epoch: 28, kl loss: 0.00, nll loss: 0.12
2024-09-28 16:24:56,567 - root - INFO - epoch: 29, validation loss: 0.12
2024-09-28 16:25:05,841 - root - INFO - epoch: 29, kl loss: 0.00, nll loss: 0.12
2024-09-28 16:25:07,306 - root - INFO - epoch: 30, validation loss: 0.12
2024-09-28 16:25:07,310 - root - INFO - save parameters to file: experiments/swat_test/epoch_30.params
2024-09-28 16:25:16,750 - root - INFO - epoch: 30, kl loss: 0.00, nll loss: 0.12
2024-09-28 16:25:18,244 - root - INFO - epoch: 31, validation loss: 0.12
2024-09-28 16:25:18,248 - root - INFO - save parameters to file: experiments/swat_test/epoch_31.params
2024-09-28 16:25:28,074 - root - INFO - epoch: 31, kl loss: 0.00, nll loss: 0.12
2024-09-28 16:25:29,506 - root - INFO - epoch: 32, validation loss: 0.12
2024-09-28 16:25:29,511 - root - INFO - save parameters to file: experiments/swat_test/epoch_32.params
2024-09-28 16:25:39,268 - root - INFO - epoch: 32, kl loss: 0.00, nll loss: 0.12
2024-09-28 16:25:40,760 - root - INFO - epoch: 33, validation loss: 0.12
2024-09-28 16:25:49,438 - root - INFO - epoch: 33, kl loss: 0.00, nll loss: 0.12
2024-09-28 16:25:50,648 - root - INFO - epoch: 34, validation loss: 0.12
2024-09-28 16:26:01,346 - root - INFO - epoch: 34, kl loss: 0.00, nll loss: 0.12
2024-09-28 16:26:03,784 - root - INFO - epoch: 35, validation loss: 0.12
2024-09-28 16:26:14,994 - root - INFO - epoch: 35, kl loss: 0.00, nll loss: 0.12
2024-09-28 16:26:17,428 - root - INFO - epoch: 36, validation loss: 0.12
2024-09-28 16:26:27,194 - root - INFO - epoch: 36, kl loss: 0.00, nll loss: 0.12
2024-09-28 16:26:28,785 - root - INFO - epoch: 37, validation loss: 0.12
2024-09-28 16:26:28,789 - root - INFO - save parameters to file: experiments/swat_test/epoch_37.params
2024-09-28 16:26:40,450 - root - INFO - epoch: 37, kl loss: 0.00, nll loss: 0.12
2024-09-28 16:26:42,301 - root - INFO - epoch: 38, validation loss: 0.12
2024-09-28 16:26:52,105 - root - INFO - epoch: 38, kl loss: 0.00, nll loss: 0.12
2024-09-28 16:26:54,660 - root - INFO - epoch: 39, validation loss: 0.12
2024-09-28 16:27:05,349 - root - INFO - epoch: 39, kl loss: 0.00, nll loss: 0.12
2024-09-28 16:27:06,884 - root - INFO - epoch: 40, validation loss: 0.12
2024-09-28 16:27:17,730 - root - INFO - epoch: 40, kl loss: 0.00, nll loss: 0.12
2024-09-28 16:27:19,748 - root - INFO - epoch: 41, validation loss: 0.12
2024-09-28 16:27:19,752 - root - INFO - save parameters to file: experiments/swat_test/epoch_41.params
2024-09-28 16:27:30,958 - root - INFO - epoch: 41, kl loss: 0.00, nll loss: 0.12
2024-09-28 16:27:32,718 - root - INFO - epoch: 42, validation loss: 0.12
2024-09-28 16:27:43,085 - root - INFO - epoch: 42, kl loss: 0.00, nll loss: 0.12
2024-09-28 16:27:44,820 - root - INFO - epoch: 43, validation loss: 0.12
2024-09-28 16:27:44,825 - root - INFO - save parameters to file: experiments/swat_test/epoch_43.params
2024-09-28 16:27:54,398 - root - INFO - epoch: 43, kl loss: 0.00, nll loss: 0.12
2024-09-28 16:27:56,197 - root - INFO - epoch: 44, validation loss: 0.12
2024-09-28 16:27:56,201 - root - INFO - save parameters to file: experiments/swat_test/epoch_44.params
2024-09-28 16:28:05,069 - root - INFO - epoch: 44, kl loss: 0.00, nll loss: 0.12
2024-09-28 16:28:06,417 - root - INFO - epoch: 45, validation loss: 0.12
2024-09-28 16:28:06,422 - root - INFO - save parameters to file: experiments/swat_test/epoch_45.params
2024-09-28 16:28:15,846 - root - INFO - epoch: 45, kl loss: 0.00, nll loss: 0.12
2024-09-28 16:28:17,496 - root - INFO - epoch: 46, validation loss: 0.12
2024-09-28 16:28:26,634 - root - INFO - epoch: 46, kl loss: 0.00, nll loss: 0.12
2024-09-28 16:28:28,149 - root - INFO - epoch: 47, validation loss: 0.12
2024-09-28 16:28:37,395 - root - INFO - epoch: 47, kl loss: 0.00, nll loss: 0.12
2024-09-28 16:28:38,592 - root - INFO - epoch: 48, validation loss: 0.12
2024-09-28 16:28:38,597 - root - INFO - save parameters to file: experiments/swat_test/epoch_48.params
2024-09-28 16:28:47,725 - root - INFO - epoch: 48, kl loss: 0.00, nll loss: 0.12
2024-09-28 16:28:49,261 - root - INFO - epoch: 49, validation loss: 0.12
2024-09-28 16:28:49,266 - root - INFO - save parameters to file: experiments/swat_test/epoch_49.params
2024-09-28 16:28:58,175 - root - INFO - epoch: 49, kl loss: 0.00, nll loss: 0.12
2024-09-28 16:28:59,404 - root - INFO - epoch: 50, validation loss: 0.12
2024-09-28 16:29:07,790 - root - INFO - epoch: 50, kl loss: 0.00, nll loss: 0.12
2024-09-28 16:29:09,273 - root - INFO - epoch: 51, validation loss: 0.12
2024-09-28 16:29:09,277 - root - INFO - save parameters to file: experiments/swat_test/epoch_51.params
2024-09-28 16:29:18,706 - root - INFO - epoch: 51, kl loss: 0.00, nll loss: 0.12
2024-09-28 16:29:20,591 - root - INFO - epoch: 52, validation loss: 0.12
2024-09-28 16:29:30,038 - root - INFO - epoch: 52, kl loss: 0.00, nll loss: 0.12
2024-09-28 16:29:31,508 - root - INFO - epoch: 53, validation loss: 0.12
2024-09-28 16:29:41,487 - root - INFO - epoch: 53, kl loss: 0.00, nll loss: 0.12
2024-09-28 16:29:42,934 - root - INFO - epoch: 54, validation loss: 0.12
2024-09-28 16:29:51,901 - root - INFO - epoch: 54, kl loss: 0.00, nll loss: 0.12
2024-09-28 16:29:53,586 - root - INFO - epoch: 55, validation loss: 0.12
2024-09-28 16:30:02,931 - root - INFO - epoch: 55, kl loss: 0.00, nll loss: 0.12
2024-09-28 16:30:04,439 - root - INFO - epoch: 56, validation loss: 0.12
2024-09-28 16:30:04,443 - root - INFO - save parameters to file: experiments/swat_test/epoch_56.params
2024-09-28 16:30:13,357 - root - INFO - epoch: 56, kl loss: 0.00, nll loss: 0.12
2024-09-28 16:30:15,008 - root - INFO - epoch: 57, validation loss: 0.12
2024-09-28 16:30:23,997 - root - INFO - epoch: 57, kl loss: 0.00, nll loss: 0.12
2024-09-28 16:30:25,936 - root - INFO - epoch: 58, validation loss: 0.12
2024-09-28 16:30:34,945 - root - INFO - epoch: 58, kl loss: 0.00, nll loss: 0.12
2024-09-28 16:30:36,414 - root - INFO - epoch: 59, validation loss: 0.12
2024-09-28 16:30:36,418 - root - INFO - save parameters to file: experiments/swat_test/epoch_59.params
2024-09-28 16:30:45,409 - root - INFO - epoch: 59, kl loss: 0.00, nll loss: 0.12
2024-09-28 16:30:47,108 - root - INFO - epoch: 60, validation loss: 0.12
2024-09-28 16:30:47,112 - root - INFO - save parameters to file: experiments/swat_test/epoch_60.params
2024-09-28 16:30:56,805 - root - INFO - epoch: 60, kl loss: 0.00, nll loss: 0.12
2024-09-28 16:30:58,214 - root - INFO - epoch: 61, validation loss: 0.12
2024-09-28 16:31:07,953 - root - INFO - epoch: 61, kl loss: 0.00, nll loss: 0.12
2024-09-28 16:31:09,656 - root - INFO - epoch: 62, validation loss: 0.12
2024-09-28 16:31:18,994 - root - INFO - epoch: 62, kl loss: 0.00, nll loss: 0.12
2024-09-28 16:31:20,746 - root - INFO - epoch: 63, validation loss: 0.12
2024-09-28 16:31:30,123 - root - INFO - epoch: 63, kl loss: 0.00, nll loss: 0.12
2024-09-28 16:31:31,731 - root - INFO - epoch: 64, validation loss: 0.12
2024-09-28 16:31:41,178 - root - INFO - epoch: 64, kl loss: 0.00, nll loss: 0.12
2024-09-28 16:31:42,815 - root - INFO - epoch: 65, validation loss: 0.12
2024-09-28 16:31:42,819 - root - INFO - save parameters to file: experiments/swat_test/epoch_65.params
2024-09-28 16:31:51,758 - root - INFO - epoch: 65, kl loss: 0.00, nll loss: 0.12
2024-09-28 16:31:53,104 - root - INFO - epoch: 66, validation loss: 0.12
2024-09-28 16:32:02,218 - root - INFO - epoch: 66, kl loss: 0.00, nll loss: 0.12
2024-09-28 16:32:04,701 - root - INFO - epoch: 67, validation loss: 0.12
2024-09-28 16:32:13,714 - root - INFO - epoch: 67, kl loss: 0.00, nll loss: 0.12
2024-09-28 16:32:15,581 - root - INFO - epoch: 68, validation loss: 0.12
2024-09-28 16:32:25,419 - root - INFO - epoch: 68, kl loss: 0.00, nll loss: 0.12
2024-09-28 16:32:26,946 - root - INFO - epoch: 69, validation loss: 0.12
2024-09-28 16:32:35,622 - root - INFO - epoch: 69, kl loss: 0.00, nll loss: 0.12
2024-09-28 16:32:37,318 - root - INFO - epoch: 70, validation loss: 0.12
2024-09-28 16:32:46,293 - root - INFO - epoch: 70, kl loss: 0.00, nll loss: 0.12
2024-09-28 16:32:47,710 - root - INFO - epoch: 71, validation loss: 0.12
2024-09-28 16:32:57,349 - root - INFO - epoch: 71, kl loss: 0.00, nll loss: 0.12
2024-09-28 16:32:59,284 - root - INFO - epoch: 72, validation loss: 0.12
2024-09-28 16:32:59,289 - root - INFO - save parameters to file: experiments/swat_test/epoch_72.params
2024-09-28 16:33:09,089 - root - INFO - epoch: 72, kl loss: 0.00, nll loss: 0.12
2024-09-28 16:33:10,820 - root - INFO - epoch: 73, validation loss: 0.12
2024-09-28 16:33:10,824 - root - INFO - save parameters to file: experiments/swat_test/epoch_73.params
2024-09-28 16:33:19,565 - root - INFO - epoch: 73, kl loss: 0.00, nll loss: 0.12
2024-09-28 16:33:21,232 - root - INFO - epoch: 74, validation loss: 0.12
2024-09-28 16:33:30,682 - root - INFO - epoch: 74, kl loss: 0.00, nll loss: 0.12
2024-09-28 16:33:32,350 - root - INFO - epoch: 75, validation loss: 0.12
2024-09-28 16:33:32,355 - root - INFO - save parameters to file: experiments/swat_test/epoch_75.params
2024-09-28 16:33:41,190 - root - INFO - epoch: 75, kl loss: 0.00, nll loss: 0.12
2024-09-28 16:33:42,506 - root - INFO - epoch: 76, validation loss: 0.12
2024-09-28 16:33:52,450 - root - INFO - epoch: 76, kl loss: 0.00, nll loss: 0.12
2024-09-28 16:33:53,873 - root - INFO - epoch: 77, validation loss: 0.12
2024-09-28 16:34:03,409 - root - INFO - epoch: 77, kl loss: 0.00, nll loss: 0.12
2024-09-28 16:34:04,922 - root - INFO - epoch: 78, validation loss: 0.12
2024-09-28 16:34:04,927 - root - INFO - save parameters to file: experiments/swat_test/epoch_78.params
2024-09-28 16:34:15,315 - root - INFO - epoch: 78, kl loss: 0.00, nll loss: 0.12
2024-09-28 16:34:16,949 - root - INFO - epoch: 79, validation loss: 0.12
2024-09-28 16:34:28,018 - root - INFO - epoch: 79, kl loss: 0.00, nll loss: 0.12
2024-09-28 16:34:30,160 - root - INFO - epoch: 80, validation loss: 0.12
2024-09-28 16:34:41,262 - root - INFO - epoch: 80, kl loss: 0.00, nll loss: 0.12
2024-09-28 16:34:43,277 - root - INFO - epoch: 81, validation loss: 0.12
2024-09-28 16:34:53,081 - root - INFO - epoch: 81, kl loss: 0.00, nll loss: 0.12
2024-09-28 16:34:54,870 - root - INFO - epoch: 82, validation loss: 0.12
2024-09-28 16:35:05,345 - root - INFO - epoch: 82, kl loss: 0.00, nll loss: 0.12
2024-09-28 16:35:06,972 - root - INFO - epoch: 83, validation loss: 0.12
2024-09-28 16:35:17,496 - root - INFO - epoch: 83, kl loss: 0.00, nll loss: 0.12
2024-09-28 16:35:19,949 - root - INFO - epoch: 84, validation loss: 0.12
2024-09-28 16:35:30,844 - root - INFO - epoch: 84, kl loss: 0.00, nll loss: 0.12
2024-09-28 16:35:32,864 - root - INFO - epoch: 85, validation loss: 0.12
2024-09-28 16:35:42,670 - root - INFO - epoch: 85, kl loss: 0.00, nll loss: 0.12
2024-09-28 16:35:45,008 - root - INFO - epoch: 86, validation loss: 0.12
2024-09-28 16:35:45,012 - root - INFO - save parameters to file: experiments/swat_test/epoch_86.params
2024-09-28 16:35:56,786 - root - INFO - epoch: 86, kl loss: 0.00, nll loss: 0.12
2024-09-28 16:35:58,544 - root - INFO - epoch: 87, validation loss: 0.12
2024-09-28 16:36:09,285 - root - INFO - epoch: 87, kl loss: 0.00, nll loss: 0.12
2024-09-28 16:36:11,800 - root - INFO - epoch: 88, validation loss: 0.12
2024-09-28 16:36:21,465 - root - INFO - epoch: 88, kl loss: 0.00, nll loss: 0.12
2024-09-28 16:36:22,918 - root - INFO - epoch: 89, validation loss: 0.12
2024-09-28 16:36:32,081 - root - INFO - epoch: 89, kl loss: 0.00, nll loss: 0.12
2024-09-28 16:36:34,117 - root - INFO - epoch: 90, validation loss: 0.12
2024-09-28 16:36:44,007 - root - INFO - epoch: 90, kl loss: 0.00, nll loss: 0.12
2024-09-28 16:36:45,602 - root - INFO - epoch: 91, validation loss: 0.12
2024-09-28 16:36:45,606 - root - INFO - save parameters to file: experiments/swat_test/epoch_91.params
2024-09-28 16:36:54,669 - root - INFO - epoch: 91, kl loss: 0.00, nll loss: 0.12
2024-09-28 16:36:56,088 - root - INFO - epoch: 92, validation loss: 0.12
2024-09-28 16:37:05,613 - root - INFO - epoch: 92, kl loss: 0.00, nll loss: 0.12
2024-09-28 16:37:07,328 - root - INFO - epoch: 93, validation loss: 0.12
2024-09-28 16:37:07,333 - root - INFO - save parameters to file: experiments/swat_test/epoch_93.params
2024-09-28 16:37:15,089 - root - INFO - epoch: 93, kl loss: 0.00, nll loss: 0.12
2024-09-28 16:37:16,624 - root - INFO - epoch: 94, validation loss: 0.12
2024-09-28 16:37:25,790 - root - INFO - epoch: 94, kl loss: 0.00, nll loss: 0.12
2024-09-28 16:37:27,448 - root - INFO - epoch: 95, validation loss: 0.12
2024-09-28 16:37:37,221 - root - INFO - epoch: 95, kl loss: 0.00, nll loss: 0.12
2024-09-28 16:37:39,216 - root - INFO - epoch: 96, validation loss: 0.12
2024-09-28 16:37:39,221 - root - INFO - save parameters to file: experiments/swat_test/epoch_96.params
2024-09-28 16:37:48,277 - root - INFO - epoch: 96, kl loss: 0.00, nll loss: 0.12
2024-09-28 16:37:49,727 - root - INFO - epoch: 97, validation loss: 0.12
2024-09-28 16:37:58,211 - root - INFO - epoch: 97, kl loss: 0.00, nll loss: 0.12
2024-09-28 16:37:59,575 - root - INFO - epoch: 98, validation loss: 0.12
2024-09-28 16:38:08,641 - root - INFO - epoch: 98, kl loss: 0.00, nll loss: 0.12
2024-09-28 16:38:10,190 - root - INFO - epoch: 99, validation loss: 0.12
2024-09-28 16:38:20,058 - root - INFO - epoch: 99, kl loss: 0.00, nll loss: 0.12
