2024-09-27 10:19:57,067 - root - INFO - train: torch.Size([4195, 51, 1, 30]), torch.Size([4195, 51, 1, 30])
2024-09-27 10:19:57,067 - root - INFO - val: torch.Size([1027, 51, 1, 30]), torch.Size([1027, 51, 1, 30])
2024-09-27 10:19:57,069 - root - INFO - 训练集文件data/SWAT/train_swat_gcn.npz
2024-09-27 10:19:57,079 - root - INFO - Grelen(
  (graph_learner): Graph_learner(
    (mlp1): MLP(
      (fc1): Linear(in_features=30, out_features=64, bias=True)
      (fc2): Linear(in_features=64, out_features=64, bias=True)
      (bn): BatchNorm1d(64, eps=1e-05, momentum=0.1, affine=True, track_running_stats=True)
    )
    (Wq): Linear(in_features=64, out_features=128, bias=True)
    (Wk): Linear(in_features=64, out_features=128, bias=True)
  )
  (linear1): Linear(in_features=1, out_features=64, bias=True)
  (encoder_model): ModuleList(
    (0-2): 3 x EncoderModel(
      (dcgru_layers): ModuleList(
        (0): GCNCell(
          (_gconv): Linear(in_features=64, out_features=64, bias=True)
        )
      )
    )
  )
  (linear_out): Linear(in_features=64, out_features=1, bias=True)
)
2024-09-27 10:19:58,428 - root - INFO - GRELEN_gcn邻接矩阵的形状为torch.Size([4, 128, 51, 51])
2024-09-27 10:19:58,675 - root - INFO - GRELEN_gcn邻接矩阵的形状为torch.Size([4, 128, 51, 51])
2024-09-27 10:19:58,951 - root - INFO - GRELEN_gcn邻接矩阵的形状为torch.Size([4, 128, 51, 51])
2024-09-27 10:19:59,237 - root - INFO - GRELEN_gcn邻接矩阵的形状为torch.Size([4, 128, 51, 51])
2024-09-27 10:19:59,372 - root - INFO - GRELEN_gcn邻接矩阵的形状为torch.Size([4, 128, 51, 51])
2024-09-27 10:19:59,506 - root - INFO - GRELEN_gcn邻接矩阵的形状为torch.Size([4, 128, 51, 51])
2024-09-27 10:19:59,640 - root - INFO - GRELEN_gcn邻接矩阵的形状为torch.Size([4, 128, 51, 51])
2024-09-27 10:19:59,774 - root - INFO - GRELEN_gcn邻接矩阵的形状为torch.Size([4, 128, 51, 51])
2024-09-27 10:19:59,894 - root - INFO - GRELEN_gcn邻接矩阵的形状为torch.Size([4, 3, 51, 51])
2024-09-27 10:19:59,935 - root - INFO - epoch: 0, validation loss: 4.77
2024-09-27 10:19:59,939 - root - INFO - save parameters to file: experiments/swat_test/epoch_0.params
2024-09-27 10:19:59,957 - root - INFO - GRELEN_gcn邻接矩阵的形状为torch.Size([4, 128, 51, 51])
2024-09-27 10:20:00,162 - root - INFO - GRELEN_gcn邻接矩阵的形状为torch.Size([4, 128, 51, 51])
2024-09-27 10:20:00,368 - root - INFO - GRELEN_gcn邻接矩阵的形状为torch.Size([4, 128, 51, 51])
2024-09-27 10:20:00,572 - root - INFO - GRELEN_gcn邻接矩阵的形状为torch.Size([4, 128, 51, 51])
2024-09-27 10:20:00,779 - root - INFO - GRELEN_gcn邻接矩阵的形状为torch.Size([4, 128, 51, 51])
2024-09-27 10:20:00,982 - root - INFO - GRELEN_gcn邻接矩阵的形状为torch.Size([4, 128, 51, 51])
2024-09-27 10:20:01,185 - root - INFO - GRELEN_gcn邻接矩阵的形状为torch.Size([4, 128, 51, 51])
2024-09-27 10:20:01,392 - root - INFO - GRELEN_gcn邻接矩阵的形状为torch.Size([4, 128, 51, 51])
2024-09-27 10:20:01,597 - root - INFO - GRELEN_gcn邻接矩阵的形状为torch.Size([4, 128, 51, 51])
2024-09-27 10:20:01,806 - root - INFO - GRELEN_gcn邻接矩阵的形状为torch.Size([4, 128, 51, 51])
2024-09-27 10:20:02,010 - root - INFO - GRELEN_gcn邻接矩阵的形状为torch.Size([4, 128, 51, 51])
2024-09-27 10:20:02,218 - root - INFO - GRELEN_gcn邻接矩阵的形状为torch.Size([4, 128, 51, 51])
2024-09-27 10:20:02,488 - root - INFO - GRELEN_gcn邻接矩阵的形状为torch.Size([4, 128, 51, 51])
2024-09-27 10:20:02,717 - root - INFO - GRELEN_gcn邻接矩阵的形状为torch.Size([4, 128, 51, 51])
2024-09-27 10:20:02,922 - root - INFO - GRELEN_gcn邻接矩阵的形状为torch.Size([4, 128, 51, 51])
2024-09-27 10:20:03,131 - root - INFO - GRELEN_gcn邻接矩阵的形状为torch.Size([4, 128, 51, 51])
2024-09-27 10:20:03,379 - root - INFO - GRELEN_gcn邻接矩阵的形状为torch.Size([4, 128, 51, 51])
2024-09-27 10:20:03,668 - root - INFO - GRELEN_gcn邻接矩阵的形状为torch.Size([4, 128, 51, 51])
2024-09-27 10:20:03,871 - root - INFO - GRELEN_gcn邻接矩阵的形状为torch.Size([4, 128, 51, 51])
2024-09-27 10:20:04,073 - root - INFO - GRELEN_gcn邻接矩阵的形状为torch.Size([4, 128, 51, 51])
2024-09-27 10:20:04,275 - root - INFO - GRELEN_gcn邻接矩阵的形状为torch.Size([4, 128, 51, 51])
2024-09-27 10:20:04,532 - root - INFO - GRELEN_gcn邻接矩阵的形状为torch.Size([4, 128, 51, 51])
2024-09-27 10:20:04,880 - root - INFO - GRELEN_gcn邻接矩阵的形状为torch.Size([4, 128, 51, 51])
2024-09-27 10:20:05,232 - root - INFO - GRELEN_gcn邻接矩阵的形状为torch.Size([4, 128, 51, 51])
2024-09-27 10:20:05,600 - root - INFO - GRELEN_gcn邻接矩阵的形状为torch.Size([4, 128, 51, 51])
2024-09-27 10:20:05,972 - root - INFO - GRELEN_gcn邻接矩阵的形状为torch.Size([4, 128, 51, 51])
2024-09-27 10:20:06,329 - root - INFO - GRELEN_gcn邻接矩阵的形状为torch.Size([4, 128, 51, 51])
2024-09-27 10:20:06,710 - root - INFO - GRELEN_gcn邻接矩阵的形状为torch.Size([4, 128, 51, 51])
2024-09-27 10:20:07,084 - root - INFO - GRELEN_gcn邻接矩阵的形状为torch.Size([4, 128, 51, 51])
2024-09-27 10:20:07,459 - root - INFO - GRELEN_gcn邻接矩阵的形状为torch.Size([4, 128, 51, 51])
2024-09-27 10:20:07,840 - root - INFO - GRELEN_gcn邻接矩阵的形状为torch.Size([4, 128, 51, 51])
2024-09-27 10:20:08,153 - root - INFO - GRELEN_gcn邻接矩阵的形状为torch.Size([4, 128, 51, 51])
2024-09-27 10:20:08,456 - root - INFO - GRELEN_gcn邻接矩阵的形状为torch.Size([4, 99, 51, 51])
2024-09-27 10:20:08,787 - root - INFO - epoch: 0, kl loss: 0.71, nll loss: 2.38
