# 忘记加权重矩阵了 第一次 9.28 19:20
2024-09-28 19:20:50,501 - root - INFO - train: torch.Size([4195, 51, 1, 30]), torch.Size([4195, 51, 1, 30])
2024-09-28 19:20:50,502 - root - INFO - val: torch.Size([1027, 51, 1, 30]), torch.Size([1027, 51, 1, 30])
2024-09-28 19:20:50,504 - root - INFO - 训练集文件data/SWAT/train_swat_gcn.npz
2024-09-28 19:20:50,520 - root - INFO - Grelen(
  (graph_learner): Graph_learner(
    (mlp1): MLP(
      (fc1): Linear(in_features=30, out_features=64, bias=True)
      (fc2): Linear(in_features=64, out_features=64, bias=True)
      (bn): BatchNorm1d(64, eps=1e-05, momentum=0.1, affine=True, track_running_stats=True)
    )
    (Wq): Linear(in_features=64, out_features=128, bias=True)
    (Wk): Linear(in_features=64, out_features=128, bias=True)
  )
  (linear1): Linear(in_features=1, out_features=64, bias=True)
  (encoder_model): ModuleList(
    (0-2): 3 x EncoderModel(
      (dcgru_layers): ModuleList(
        (0): GCNCell(
          (_gconv): Linear(in_features=64, out_features=64, bias=True)
        )
      )
    )
  )
  (linear_out): Linear(in_features=64, out_features=1, bias=True)
)
2024-09-28 19:20:53,184 - root - INFO - epoch: 0, validation loss: 3.27
2024-09-28 19:20:53,192 - root - INFO - save parameters to file: experiments/swat_test/epoch_0.params
2024-09-28 19:21:04,549 - root - INFO - epoch: 0, kl loss: 0.91, nll loss: 1.60
2024-09-28 19:21:07,407 - root - INFO - epoch: 1, validation loss: 2.11
2024-09-28 19:21:07,412 - root - INFO - save parameters to file: experiments/swat_test/epoch_1.params
2024-09-28 19:21:20,167 - root - INFO - epoch: 1, kl loss: 0.86, nll loss: 0.86
2024-09-28 19:21:22,808 - root - INFO - epoch: 2, validation loss: 1.51
2024-09-28 19:21:22,813 - root - INFO - save parameters to file: experiments/swat_test/epoch_2.params
2024-09-28 19:21:35,759 - root - INFO - epoch: 2, kl loss: 0.85, nll loss: 0.48
2024-09-28 19:21:38,119 - root - INFO - epoch: 3, validation loss: 1.26
2024-09-28 19:21:38,123 - root - INFO - save parameters to file: experiments/swat_test/epoch_3.params
2024-09-28 19:21:51,351 - root - INFO - epoch: 3, kl loss: 0.79, nll loss: 0.42
2024-09-28 19:21:53,923 - root - INFO - epoch: 4, validation loss: 1.27
2024-09-28 19:22:06,744 - root - INFO - epoch: 4, kl loss: 0.82, nll loss: 0.40
2024-09-28 19:22:09,067 - root - INFO - epoch: 5, validation loss: 1.28
2024-09-28 19:22:21,836 - root - INFO - epoch: 5, kl loss: 0.82, nll loss: 0.38
2024-09-28 19:22:24,323 - root - INFO - epoch: 6, validation loss: 1.20
2024-09-28 19:22:24,329 - root - INFO - save parameters to file: experiments/swat_test/epoch_6.params
2024-09-28 19:22:36,691 - root - INFO - epoch: 6, kl loss: 0.79, nll loss: 0.41
2024-09-28 19:22:39,125 - root - INFO - epoch: 7, validation loss: 1.16
2024-09-28 19:22:39,131 - root - INFO - save parameters to file: experiments/swat_test/epoch_7.params
2024-09-28 19:22:52,086 - root - INFO - epoch: 7, kl loss: 0.75, nll loss: 0.38
2024-09-28 19:22:54,759 - root - INFO - epoch: 8, validation loss: 1.17
2024-09-28 19:23:07,322 - root - INFO - epoch: 8, kl loss: 0.72, nll loss: 0.37
2024-09-28 19:23:10,043 - root - INFO - epoch: 9, validation loss: 1.20
2024-09-28 19:23:22,708 - root - INFO - epoch: 9, kl loss: 0.73, nll loss: 0.37
2024-09-28 19:23:24,335 - root - INFO - epoch: 10, validation loss: 1.14
2024-09-28 19:23:24,340 - root - INFO - save parameters to file: experiments/swat_test/epoch_10.params
2024-09-28 19:23:33,303 - root - INFO - epoch: 10, kl loss: 0.68, nll loss: 0.39
2024-09-28 19:23:35,291 - root - INFO - epoch: 11, validation loss: 1.13
2024-09-28 19:23:35,298 - root - INFO - save parameters to file: experiments/swat_test/epoch_11.params
2024-09-28 19:23:44,643 - root - INFO - epoch: 11, kl loss: 0.64, nll loss: 0.37
2024-09-28 19:23:45,973 - root - INFO - epoch: 12, validation loss: 1.11
2024-09-28 19:23:45,977 - root - INFO - save parameters to file: experiments/swat_test/epoch_12.params
2024-09-28 19:23:57,074 - root - INFO - epoch: 12, kl loss: 0.57, nll loss: 0.39
2024-09-28 19:23:59,555 - root - INFO - epoch: 13, validation loss: 1.11
2024-09-28 19:24:12,072 - root - INFO - epoch: 13, kl loss: 0.56, nll loss: 0.38
2024-09-28 19:24:14,860 - root - INFO - epoch: 14, validation loss: 0.98
2024-09-28 19:24:14,864 - root - INFO - save parameters to file: experiments/swat_test/epoch_14.params
2024-09-28 19:24:27,547 - root - INFO - epoch: 14, kl loss: 0.48, nll loss: 0.41
2024-09-28 19:24:30,642 - root - INFO - epoch: 15, validation loss: 0.96
2024-09-28 19:24:30,647 - root - INFO - save parameters to file: experiments/swat_test/epoch_15.params
2024-09-28 19:24:43,526 - root - INFO - epoch: 15, kl loss: 0.40, nll loss: 0.41
2024-09-28 19:24:46,287 - root - INFO - epoch: 16, validation loss: 0.98
2024-09-28 19:24:58,821 - root - INFO - epoch: 16, kl loss: 0.35, nll loss: 0.44
2024-09-28 19:25:01,736 - root - INFO - epoch: 17, validation loss: 0.94
2024-09-28 19:25:01,741 - root - INFO - save parameters to file: experiments/swat_test/epoch_17.params
2024-09-28 19:25:14,182 - root - INFO - epoch: 17, kl loss: 0.42, nll loss: 0.41
2024-09-28 19:25:16,871 - root - INFO - epoch: 18, validation loss: 0.91
2024-09-28 19:25:16,878 - root - INFO - save parameters to file: experiments/swat_test/epoch_18.params
2024-09-28 19:25:29,227 - root - INFO - epoch: 18, kl loss: 0.30, nll loss: 0.26
2024-09-28 19:25:32,035 - root - INFO - epoch: 19, validation loss: 0.50
2024-09-28 19:25:32,041 - root - INFO - save parameters to file: experiments/swat_test/epoch_19.params
2024-09-28 19:25:44,504 - root - INFO - epoch: 19, kl loss: 0.18, nll loss: 0.19
2024-09-28 19:25:47,051 - root - INFO - epoch: 20, validation loss: 0.36
2024-09-28 19:25:47,057 - root - INFO - save parameters to file: experiments/swat_test/epoch_20.params
2024-09-28 19:25:59,463 - root - INFO - epoch: 20, kl loss: 0.15, nll loss: 0.16
2024-09-28 19:26:01,763 - root - INFO - epoch: 21, validation loss: 0.32
2024-09-28 19:26:01,767 - root - INFO - save parameters to file: experiments/swat_test/epoch_21.params
2024-09-28 19:26:14,151 - root - INFO - epoch: 21, kl loss: 0.13, nll loss: 0.16
2024-09-28 19:26:16,767 - root - INFO - epoch: 22, validation loss: 0.28
2024-09-28 19:26:16,774 - root - INFO - save parameters to file: experiments/swat_test/epoch_22.params
2024-09-28 19:26:29,071 - root - INFO - epoch: 22, kl loss: 0.12, nll loss: 0.15
2024-09-28 19:26:30,438 - root - INFO - epoch: 23, validation loss: 0.28
2024-09-28 19:26:30,442 - root - INFO - save parameters to file: experiments/swat_test/epoch_23.params
2024-09-28 19:26:39,752 - root - INFO - epoch: 23, kl loss: 0.11, nll loss: 0.14
2024-09-28 19:26:41,083 - root - INFO - epoch: 24, validation loss: 0.27
2024-09-28 19:26:41,087 - root - INFO - save parameters to file: experiments/swat_test/epoch_24.params
2024-09-28 19:26:50,575 - root - INFO - epoch: 24, kl loss: 0.10, nll loss: 0.15
2024-09-28 19:26:52,519 - root - INFO - epoch: 25, validation loss: 0.26
2024-09-28 19:26:52,523 - root - INFO - save parameters to file: experiments/swat_test/epoch_25.params
2024-09-28 19:27:02,151 - root - INFO - epoch: 25, kl loss: 0.10, nll loss: 0.15
2024-09-28 19:27:03,739 - root - INFO - epoch: 26, validation loss: 0.26
2024-09-28 19:27:13,815 - root - INFO - epoch: 26, kl loss: 0.10, nll loss: 0.15
2024-09-28 19:27:15,731 - root - INFO - epoch: 27, validation loss: 0.26
2024-09-28 19:27:15,735 - root - INFO - save parameters to file: experiments/swat_test/epoch_27.params
2024-09-28 19:27:26,295 - root - INFO - epoch: 27, kl loss: 0.09, nll loss: 0.15
2024-09-28 19:27:28,275 - root - INFO - epoch: 28, validation loss: 0.22
2024-09-28 19:27:28,279 - root - INFO - save parameters to file: experiments/swat_test/epoch_28.params
2024-09-28 19:27:39,425 - root - INFO - epoch: 28, kl loss: 0.08, nll loss: 0.16
2024-09-28 19:27:41,935 - root - INFO - epoch: 29, validation loss: 0.27
2024-09-28 19:27:52,415 - root - INFO - epoch: 29, kl loss: 0.10, nll loss: 0.16
2024-09-28 19:27:54,031 - root - INFO - epoch: 30, validation loss: 0.24
2024-09-28 19:28:05,504 - root - INFO - epoch: 30, kl loss: 0.10, nll loss: 0.15
2024-09-28 19:28:07,491 - root - INFO - epoch: 31, validation loss: 0.24
2024-09-28 19:28:18,163 - root - INFO - epoch: 31, kl loss: 0.10, nll loss: 0.14
2024-09-28 19:28:20,015 - root - INFO - epoch: 32, validation loss: 0.23
2024-09-28 19:28:29,701 - root - INFO - epoch: 32, kl loss: 0.09, nll loss: 0.14
2024-09-28 19:28:31,447 - root - INFO - epoch: 33, validation loss: 0.21
2024-09-28 19:28:31,454 - root - INFO - save parameters to file: experiments/swat_test/epoch_33.params
2024-09-28 19:28:41,282 - root - INFO - epoch: 33, kl loss: 0.07, nll loss: 0.14
2024-09-28 19:28:43,648 - root - INFO - epoch: 34, validation loss: 0.20
2024-09-28 19:28:43,652 - root - INFO - save parameters to file: experiments/swat_test/epoch_34.params
2024-09-28 19:28:54,039 - root - INFO - epoch: 34, kl loss: 0.07, nll loss: 0.14
2024-09-28 19:28:55,827 - root - INFO - epoch: 35, validation loss: 0.21
2024-09-28 19:29:05,683 - root - INFO - epoch: 35, kl loss: 0.06, nll loss: 0.14
2024-09-28 19:29:07,903 - root - INFO - epoch: 36, validation loss: 0.18
2024-09-28 19:29:07,908 - root - INFO - save parameters to file: experiments/swat_test/epoch_36.params
2024-09-28 19:29:17,570 - root - INFO - epoch: 36, kl loss: 0.05, nll loss: 0.14
2024-09-28 19:29:19,023 - root - INFO - epoch: 37, validation loss: 0.19
2024-09-28 19:29:28,469 - root - INFO - epoch: 37, kl loss: 0.05, nll loss: 0.14
2024-09-28 19:29:29,655 - root - INFO - epoch: 38, validation loss: 0.19
2024-09-28 19:29:39,698 - root - INFO - epoch: 38, kl loss: 0.05, nll loss: 0.14
2024-09-28 19:29:40,999 - root - INFO - epoch: 39, validation loss: 0.19
2024-09-28 19:29:50,545 - root - INFO - epoch: 39, kl loss: 0.05, nll loss: 0.14
2024-09-28 19:29:51,987 - root - INFO - epoch: 40, validation loss: 0.17
2024-09-28 19:29:51,991 - root - INFO - save parameters to file: experiments/swat_test/epoch_40.params
2024-09-28 19:30:02,111 - root - INFO - epoch: 40, kl loss: 0.05, nll loss: 0.14
2024-09-28 19:30:03,839 - root - INFO - epoch: 41, validation loss: 0.17
2024-09-28 19:30:13,894 - root - INFO - epoch: 41, kl loss: 0.04, nll loss: 0.14
2024-09-28 19:30:15,273 - root - INFO - epoch: 42, validation loss: 0.18
2024-09-28 19:30:23,522 - root - INFO - epoch: 42, kl loss: 0.05, nll loss: 0.14
2024-09-28 19:30:24,818 - root - INFO - epoch: 43, validation loss: 0.17
2024-09-28 19:30:24,823 - root - INFO - save parameters to file: experiments/swat_test/epoch_43.params
2024-09-28 19:30:33,685 - root - INFO - epoch: 43, kl loss: 0.05, nll loss: 0.14
2024-09-28 19:30:34,940 - root - INFO - epoch: 44, validation loss: 0.18
2024-09-28 19:30:43,415 - root - INFO - epoch: 44, kl loss: 0.05, nll loss: 0.14
2024-09-28 19:30:44,697 - root - INFO - epoch: 45, validation loss: 0.17
2024-09-28 19:30:54,062 - root - INFO - epoch: 45, kl loss: 0.06, nll loss: 0.15
2024-09-28 19:30:55,357 - root - INFO - epoch: 46, validation loss: 0.21
2024-09-28 19:31:05,370 - root - INFO - epoch: 46, kl loss: 0.09, nll loss: 0.14
2024-09-28 19:31:07,319 - root - INFO - epoch: 47, validation loss: 0.22
2024-09-28 19:31:17,753 - root - INFO - epoch: 47, kl loss: 0.09, nll loss: 0.14
2024-09-28 19:31:20,551 - root - INFO - epoch: 48, validation loss: 0.22
2024-09-28 19:31:33,829 - root - INFO - epoch: 48, kl loss: 0.09, nll loss: 0.14
2024-09-28 19:31:36,528 - root - INFO - epoch: 49, validation loss: 0.21
2024-09-28 19:31:48,342 - root - INFO - epoch: 49, kl loss: 0.08, nll loss: 0.14
2024-09-28 19:31:50,907 - root - INFO - epoch: 50, validation loss: 0.19
2024-09-28 19:32:03,764 - root - INFO - epoch: 50, kl loss: 0.06, nll loss: 0.14
2024-09-28 19:32:06,255 - root - INFO - epoch: 51, validation loss: 0.18
2024-09-28 19:32:18,929 - root - INFO - epoch: 51, kl loss: 0.05, nll loss: 0.14
2024-09-28 19:32:21,523 - root - INFO - epoch: 52, validation loss: 0.18
2024-09-28 19:32:34,279 - root - INFO - epoch: 52, kl loss: 0.05, nll loss: 0.14
2024-09-28 19:32:36,987 - root - INFO - epoch: 53, validation loss: 0.20
2024-09-28 19:32:49,380 - root - INFO - epoch: 53, kl loss: 0.05, nll loss: 0.14
2024-09-28 19:32:51,875 - root - INFO - epoch: 54, validation loss: 0.19
2024-09-28 19:33:04,359 - root - INFO - epoch: 54, kl loss: 0.05, nll loss: 0.14
2024-09-28 19:33:06,904 - root - INFO - epoch: 55, validation loss: 0.19
2024-09-28 19:33:19,511 - root - INFO - epoch: 55, kl loss: 0.04, nll loss: 0.14
2024-09-28 19:33:22,160 - root - INFO - epoch: 56, validation loss: 0.17
2024-09-28 19:33:34,695 - root - INFO - epoch: 56, kl loss: 0.04, nll loss: 0.14
2024-09-28 19:33:37,519 - root - INFO - epoch: 57, validation loss: 0.17
2024-09-28 19:33:37,524 - root - INFO - save parameters to file: experiments/swat_test/epoch_57.params
2024-09-28 19:33:49,205 - root - INFO - epoch: 57, kl loss: 0.04, nll loss: 0.14
2024-09-28 19:33:50,416 - root - INFO - epoch: 58, validation loss: 0.17
2024-09-28 19:33:58,318 - root - INFO - epoch: 58, kl loss: 0.04, nll loss: 0.14
2024-09-28 19:34:00,366 - root - INFO - epoch: 59, validation loss: 0.17
2024-09-28 19:34:08,191 - root - INFO - epoch: 59, kl loss: 0.04, nll loss: 0.15
2024-09-28 19:34:10,435 - root - INFO - epoch: 60, validation loss: 0.17
2024-09-28 19:34:19,865 - root - INFO - epoch: 60, kl loss: 0.04, nll loss: 0.14
2024-09-28 19:34:21,130 - root - INFO - epoch: 61, validation loss: 0.16
2024-09-28 19:34:21,134 - root - INFO - save parameters to file: experiments/swat_test/epoch_61.params
2024-09-28 19:34:30,433 - root - INFO - epoch: 61, kl loss: 0.04, nll loss: 0.13
2024-09-28 19:34:31,796 - root - INFO - epoch: 62, validation loss: 0.16
2024-09-28 19:34:40,727 - root - INFO - epoch: 62, kl loss: 0.04, nll loss: 0.14
2024-09-28 19:34:42,295 - root - INFO - epoch: 63, validation loss: 0.18
2024-09-28 19:34:53,303 - root - INFO - epoch: 63, kl loss: 0.05, nll loss: 0.14
2024-09-28 19:34:54,857 - root - INFO - epoch: 64, validation loss: 0.17
2024-09-28 19:35:04,878 - root - INFO - epoch: 64, kl loss: 0.05, nll loss: 0.14
2024-09-28 19:35:06,198 - root - INFO - epoch: 65, validation loss: 0.17
2024-09-28 19:35:17,396 - root - INFO - epoch: 65, kl loss: 0.04, nll loss: 0.14
2024-09-28 19:35:20,075 - root - INFO - epoch: 66, validation loss: 0.17
2024-09-28 19:35:33,249 - root - INFO - epoch: 66, kl loss: 0.04, nll loss: 0.13
2024-09-28 19:35:35,843 - root - INFO - epoch: 67, validation loss: 0.17
2024-09-28 19:35:48,574 - root - INFO - epoch: 67, kl loss: 0.04, nll loss: 0.14
2024-09-28 19:35:51,123 - root - INFO - epoch: 68, validation loss: 0.16
2024-09-28 19:36:03,769 - root - INFO - epoch: 68, kl loss: 0.04, nll loss: 0.15
2024-09-28 19:36:06,483 - root - INFO - epoch: 69, validation loss: 0.19
2024-09-28 19:36:19,360 - root - INFO - epoch: 69, kl loss: 0.06, nll loss: 0.15
2024-09-28 19:36:21,960 - root - INFO - epoch: 70, validation loss: 0.18
2024-09-28 19:36:34,742 - root - INFO - epoch: 70, kl loss: 0.04, nll loss: 0.14
2024-09-28 19:36:37,296 - root - INFO - epoch: 71, validation loss: 0.17
2024-09-28 19:36:50,263 - root - INFO - epoch: 71, kl loss: 0.04, nll loss: 0.14
2024-09-28 19:36:52,943 - root - INFO - epoch: 72, validation loss: 0.17
2024-09-28 19:37:05,921 - root - INFO - epoch: 72, kl loss: 0.04, nll loss: 0.14
2024-09-28 19:37:08,539 - root - INFO - epoch: 73, validation loss: 0.17
2024-09-28 19:37:21,171 - root - INFO - epoch: 73, kl loss: 0.04, nll loss: 0.14
2024-09-28 19:37:23,915 - root - INFO - epoch: 74, validation loss: 0.17
2024-09-28 19:37:36,951 - root - INFO - epoch: 74, kl loss: 0.04, nll loss: 0.14
2024-09-28 19:37:39,431 - root - INFO - epoch: 75, validation loss: 0.17
2024-09-28 19:37:50,202 - root - INFO - epoch: 75, kl loss: 0.04, nll loss: 0.14
2024-09-28 19:37:51,823 - root - INFO - epoch: 76, validation loss: 0.16
2024-09-28 19:37:51,829 - root - INFO - save parameters to file: experiments/swat_test/epoch_76.params
2024-09-28 19:38:03,158 - root - INFO - epoch: 76, kl loss: 0.03, nll loss: 0.14
2024-09-28 19:38:04,892 - root - INFO - epoch: 77, validation loss: 0.16
2024-09-28 19:38:16,915 - root - INFO - epoch: 77, kl loss: 0.04, nll loss: 0.14
2024-09-28 19:38:19,219 - root - INFO - epoch: 78, validation loss: 0.18
2024-09-28 19:38:31,007 - root - INFO - epoch: 78, kl loss: 0.04, nll loss: 0.14
2024-09-28 19:38:33,611 - root - INFO - epoch: 79, validation loss: 0.16
2024-09-28 19:38:44,903 - root - INFO - epoch: 79, kl loss: 0.04, nll loss: 0.14
2024-09-28 19:38:46,280 - root - INFO - epoch: 80, validation loss: 0.16
2024-09-28 19:38:55,194 - root - INFO - epoch: 80, kl loss: 0.03, nll loss: 0.14
2024-09-28 19:38:57,125 - root - INFO - epoch: 81, validation loss: 0.16
2024-09-28 19:39:06,901 - root - INFO - epoch: 81, kl loss: 0.03, nll loss: 0.14
2024-09-28 19:39:08,593 - root - INFO - epoch: 82, validation loss: 0.16
2024-09-28 19:39:17,639 - root - INFO - epoch: 82, kl loss: 0.03, nll loss: 0.14
2024-09-28 19:39:19,004 - root - INFO - epoch: 83, validation loss: 0.16
2024-09-28 19:39:28,479 - root - INFO - epoch: 83, kl loss: 0.03, nll loss: 0.14
2024-09-28 19:39:30,015 - root - INFO - epoch: 84, validation loss: 0.16
2024-09-28 19:39:30,020 - root - INFO - save parameters to file: experiments/swat_test/epoch_84.params
2024-09-28 19:39:39,950 - root - INFO - epoch: 84, kl loss: 0.03, nll loss: 0.14
2024-09-28 19:39:41,212 - root - INFO - epoch: 85, validation loss: 0.16
2024-09-28 19:39:50,811 - root - INFO - epoch: 85, kl loss: 0.04, nll loss: 0.15
2024-09-28 19:39:52,767 - root - INFO - epoch: 86, validation loss: 0.17
2024-09-28 19:40:02,679 - root - INFO - epoch: 86, kl loss: 0.04, nll loss: 0.14
2024-09-28 19:40:04,123 - root - INFO - epoch: 87, validation loss: 0.17
2024-09-28 19:40:13,015 - root - INFO - epoch: 87, kl loss: 0.03, nll loss: 0.14
2024-09-28 19:40:14,563 - root - INFO - epoch: 88, validation loss: 0.16
2024-09-28 19:40:23,869 - root - INFO - epoch: 88, kl loss: 0.03, nll loss: 0.14
2024-09-28 19:40:25,500 - root - INFO - epoch: 89, validation loss: 0.16
2024-09-28 19:40:25,504 - root - INFO - save parameters to file: experiments/swat_test/epoch_89.params
2024-09-28 19:40:34,412 - root - INFO - epoch: 89, kl loss: 0.03, nll loss: 0.14
2024-09-28 19:40:36,265 - root - INFO - epoch: 90, validation loss: 0.16
2024-09-28 19:40:46,435 - root - INFO - epoch: 90, kl loss: 0.03, nll loss: 0.14
2024-09-28 19:40:48,723 - root - INFO - epoch: 91, validation loss: 0.17
2024-09-28 19:40:58,565 - root - INFO - epoch: 91, kl loss: 0.05, nll loss: 0.15
2024-09-28 19:40:59,715 - root - INFO - epoch: 92, validation loss: 0.16
2024-09-28 19:41:08,248 - root - INFO - epoch: 92, kl loss: 0.04, nll loss: 0.14
2024-09-28 19:41:09,680 - root - INFO - epoch: 93, validation loss: 0.16
2024-09-28 19:41:19,474 - root - INFO - epoch: 93, kl loss: 0.03, nll loss: 0.14
2024-09-28 19:41:20,719 - root - INFO - epoch: 94, validation loss: 0.16
2024-09-28 19:41:30,089 - root - INFO - epoch: 94, kl loss: 0.04, nll loss: 0.14
2024-09-28 19:41:31,314 - root - INFO - epoch: 95, validation loss: 0.16
2024-09-28 19:41:41,007 - root - INFO - epoch: 95, kl loss: 0.03, nll loss: 0.13
2024-09-28 19:41:42,390 - root - INFO - epoch: 96, validation loss: 0.16
2024-09-28 19:41:51,490 - root - INFO - epoch: 96, kl loss: 0.03, nll loss: 0.14
2024-09-28 19:41:52,693 - root - INFO - epoch: 97, validation loss: 0.17
2024-09-28 19:42:01,306 - root - INFO - epoch: 97, kl loss: 0.04, nll loss: 0.14
2024-09-28 19:42:02,807 - root - INFO - epoch: 98, validation loss: 0.18
2024-09-28 19:42:12,038 - root - INFO - epoch: 98, kl loss: 0.04, nll loss: 0.14
2024-09-28 19:42:13,310 - root - INFO - epoch: 99, validation loss: 0.16
2024-09-28 19:42:21,795 - root - INFO - epoch: 99, kl loss: 0.03, nll loss: 0.14

# 加权重矩阵了 第一次 9.28 21:26
2024-09-28 21:06:30,566 - root - INFO - train: torch.Size([4195, 51, 1, 30]), torch.Size([4195, 51, 1, 30])
2024-09-28 21:06:30,566 - root - INFO - val: torch.Size([1027, 51, 1, 30]), torch.Size([1027, 51, 1, 30])
2024-09-28 21:06:30,567 - root - INFO - 训练集文件data/SWAT/train_swat_gcn.npz
2024-09-28 21:06:30,578 - root - INFO - Grelen(
  (graph_learner): Graph_learner(
    (mlp1): MLP(
      (fc1): Linear(in_features=30, out_features=64, bias=True)
      (fc2): Linear(in_features=64, out_features=64, bias=True)
      (bn): BatchNorm1d(64, eps=1e-05, momentum=0.1, affine=True, track_running_stats=True)
    )
    (Wq): Linear(in_features=64, out_features=128, bias=True)
    (Wk): Linear(in_features=64, out_features=128, bias=True)
  )
  (linear1): Linear(in_features=1, out_features=64, bias=True)
  (encoder_model): ModuleList(
    (0-2): 3 x EncoderModel(
      (dcgru_layers): ModuleList(
        (0): GCNCell(
          (_gconv): Linear(in_features=64, out_features=64, bias=True)
        )
      )
    )
  )
  (linear_out): Linear(in_features=64, out_features=1, bias=True)
)
2024-09-28 21:06:35,766 - root - INFO - epoch: 0, validation loss: 3.58
2024-09-28 21:06:35,773 - root - INFO - save parameters to file: experiments/swat_test/epoch_0.params
2024-09-28 21:06:53,821 - root - INFO - epoch: 0, kl loss: 0.92, nll loss: 0.80
2024-09-28 21:06:57,204 - root - INFO - epoch: 1, validation loss: 1.16
2024-09-28 21:06:57,209 - root - INFO - save parameters to file: experiments/swat_test/epoch_1.params
2024-09-28 21:07:11,187 - root - INFO - epoch: 1, kl loss: 0.76, nll loss: 0.36
2024-09-28 21:07:14,181 - root - INFO - epoch: 2, validation loss: 1.00
2024-09-28 21:07:14,186 - root - INFO - save parameters to file: experiments/swat_test/epoch_2.params
2024-09-28 21:07:28,155 - root - INFO - epoch: 2, kl loss: 0.69, nll loss: 0.35
2024-09-28 21:07:31,242 - root - INFO - epoch: 3, validation loss: 0.92
2024-09-28 21:07:31,250 - root - INFO - save parameters to file: experiments/swat_test/epoch_3.params
2024-09-28 21:07:44,402 - root - INFO - epoch: 3, kl loss: 0.65, nll loss: 0.33
2024-09-28 21:07:47,117 - root - INFO - epoch: 4, validation loss: 0.86
2024-09-28 21:07:47,125 - root - INFO - save parameters to file: experiments/swat_test/epoch_4.params
2024-09-28 21:07:59,336 - root - INFO - epoch: 4, kl loss: 0.61, nll loss: 0.36
2024-09-28 21:08:02,579 - root - INFO - epoch: 5, validation loss: 0.81
2024-09-28 21:08:02,584 - root - INFO - save parameters to file: experiments/swat_test/epoch_5.params
2024-09-28 21:08:15,607 - root - INFO - epoch: 5, kl loss: 0.59, nll loss: 0.42
2024-09-28 21:08:18,985 - root - INFO - epoch: 6, validation loss: 0.72
2024-09-28 21:08:18,992 - root - INFO - save parameters to file: experiments/swat_test/epoch_6.params
2024-09-28 21:08:33,474 - root - INFO - epoch: 6, kl loss: 0.58, nll loss: 0.31
2024-09-28 21:08:36,471 - root - INFO - epoch: 7, validation loss: 0.74
2024-09-28 21:08:51,411 - root - INFO - epoch: 7, kl loss: 0.51, nll loss: 0.32
2024-09-28 21:08:54,701 - root - INFO - epoch: 8, validation loss: 0.69
2024-09-28 21:08:54,709 - root - INFO - save parameters to file: experiments/swat_test/epoch_8.params
2024-09-28 21:09:10,658 - root - INFO - epoch: 8, kl loss: 0.44, nll loss: 0.27
2024-09-28 21:09:14,565 - root - INFO - epoch: 9, validation loss: 0.58
2024-09-28 21:09:14,573 - root - INFO - save parameters to file: experiments/swat_test/epoch_9.params
2024-09-28 21:09:32,316 - root - INFO - epoch: 9, kl loss: 0.39, nll loss: 0.22
2024-09-28 21:09:35,410 - root - INFO - epoch: 10, validation loss: 0.54
2024-09-28 21:09:35,415 - root - INFO - save parameters to file: experiments/swat_test/epoch_10.params
2024-09-28 21:09:49,772 - root - INFO - epoch: 10, kl loss: 0.36, nll loss: 0.19
2024-09-28 21:09:52,740 - root - INFO - epoch: 11, validation loss: 0.51
2024-09-28 21:09:52,748 - root - INFO - save parameters to file: experiments/swat_test/epoch_11.params
2024-09-28 21:10:07,111 - root - INFO - epoch: 11, kl loss: 0.30, nll loss: 0.17
2024-09-28 21:10:10,286 - root - INFO - epoch: 12, validation loss: 0.57
2024-09-28 21:10:25,314 - root - INFO - epoch: 12, kl loss: 0.26, nll loss: 0.19
2024-09-28 21:10:28,463 - root - INFO - epoch: 13, validation loss: 0.47
2024-09-28 21:10:28,472 - root - INFO - save parameters to file: experiments/swat_test/epoch_13.params
2024-09-28 21:10:43,382 - root - INFO - epoch: 13, kl loss: 0.21, nll loss: 0.17
2024-09-28 21:10:46,614 - root - INFO - epoch: 14, validation loss: 0.45
2024-09-28 21:10:46,620 - root - INFO - save parameters to file: experiments/swat_test/epoch_14.params
2024-09-28 21:11:01,900 - root - INFO - epoch: 14, kl loss: 0.19, nll loss: 0.18
2024-09-28 21:11:04,899 - root - INFO - epoch: 15, validation loss: 0.30
2024-09-28 21:11:04,905 - root - INFO - save parameters to file: experiments/swat_test/epoch_15.params
2024-09-28 21:11:20,028 - root - INFO - epoch: 15, kl loss: 0.15, nll loss: 0.15
2024-09-28 21:11:23,265 - root - INFO - epoch: 16, validation loss: 0.22
2024-09-28 21:11:23,270 - root - INFO - save parameters to file: experiments/swat_test/epoch_16.params
2024-09-28 21:11:38,682 - root - INFO - epoch: 16, kl loss: 0.12, nll loss: 0.13
2024-09-28 21:11:42,314 - root - INFO - epoch: 17, validation loss: 0.21
2024-09-28 21:11:42,319 - root - INFO - save parameters to file: experiments/swat_test/epoch_17.params
2024-09-28 21:11:59,645 - root - INFO - epoch: 17, kl loss: 0.06, nll loss: 0.15
2024-09-28 21:12:03,869 - root - INFO - epoch: 18, validation loss: 0.15
2024-09-28 21:12:03,875 - root - INFO - save parameters to file: experiments/swat_test/epoch_18.params
2024-09-28 21:12:19,725 - root - INFO - epoch: 18, kl loss: 0.02, nll loss: 0.12
2024-09-28 21:12:22,594 - root - INFO - epoch: 19, validation loss: 0.13
2024-09-28 21:12:22,600 - root - INFO - save parameters to file: experiments/swat_test/epoch_19.params
2024-09-28 21:12:37,059 - root - INFO - epoch: 19, kl loss: 0.01, nll loss: 0.11
2024-09-28 21:12:40,466 - root - INFO - epoch: 20, validation loss: 0.12
2024-09-28 21:12:40,473 - root - INFO - save parameters to file: experiments/swat_test/epoch_20.params
2024-09-28 21:12:55,034 - root - INFO - epoch: 20, kl loss: 0.01, nll loss: 0.12
2024-09-28 21:12:58,047 - root - INFO - epoch: 21, validation loss: 0.12
2024-09-28 21:13:12,904 - root - INFO - epoch: 21, kl loss: 0.00, nll loss: 0.11
2024-09-28 21:13:16,302 - root - INFO - epoch: 22, validation loss: 0.12
2024-09-28 21:13:31,599 - root - INFO - epoch: 22, kl loss: 0.00, nll loss: 0.11
2024-09-28 21:13:34,462 - root - INFO - epoch: 23, validation loss: 0.12
2024-09-28 21:13:34,466 - root - INFO - save parameters to file: experiments/swat_test/epoch_23.params
2024-09-28 21:13:49,213 - root - INFO - epoch: 23, kl loss: 0.00, nll loss: 0.11
2024-09-28 21:13:52,591 - root - INFO - epoch: 24, validation loss: 0.12
2024-09-28 21:13:52,597 - root - INFO - save parameters to file: experiments/swat_test/epoch_24.params
2024-09-28 21:14:08,359 - root - INFO - epoch: 24, kl loss: 0.00, nll loss: 0.11
2024-09-28 21:14:11,526 - root - INFO - epoch: 25, validation loss: 0.11
2024-09-28 21:14:11,531 - root - INFO - save parameters to file: experiments/swat_test/epoch_25.params
2024-09-28 21:14:28,948 - root - INFO - epoch: 25, kl loss: 0.00, nll loss: 0.11
2024-09-28 21:14:32,767 - root - INFO - epoch: 26, validation loss: 0.11
2024-09-28 21:14:49,602 - root - INFO - epoch: 26, kl loss: 0.00, nll loss: 0.11
2024-09-28 21:14:52,945 - root - INFO - epoch: 27, validation loss: 0.12
2024-09-28 21:15:08,371 - root - INFO - epoch: 27, kl loss: 0.00, nll loss: 0.11
2024-09-28 21:15:11,342 - root - INFO - epoch: 28, validation loss: 0.11
2024-09-28 21:15:11,351 - root - INFO - save parameters to file: experiments/swat_test/epoch_28.params
2024-09-28 21:15:25,663 - root - INFO - epoch: 28, kl loss: 0.00, nll loss: 0.11
2024-09-28 21:15:28,718 - root - INFO - epoch: 29, validation loss: 0.11
2024-09-28 21:15:43,321 - root - INFO - epoch: 29, kl loss: 0.00, nll loss: 0.11
2024-09-28 21:15:46,826 - root - INFO - epoch: 30, validation loss: 0.12
2024-09-28 21:16:00,884 - root - INFO - epoch: 30, kl loss: 0.00, nll loss: 0.11
2024-09-28 21:16:04,026 - root - INFO - epoch: 31, validation loss: 0.11
2024-09-28 21:16:18,226 - root - INFO - epoch: 31, kl loss: 0.00, nll loss: 0.12
2024-09-28 21:16:21,329 - root - INFO - epoch: 32, validation loss: 0.11
2024-09-28 21:16:36,619 - root - INFO - epoch: 32, kl loss: 0.00, nll loss: 0.11
2024-09-28 21:16:39,954 - root - INFO - epoch: 33, validation loss: 0.11
2024-09-28 21:16:39,960 - root - INFO - save parameters to file: experiments/swat_test/epoch_33.params
2024-09-28 21:16:55,532 - root - INFO - epoch: 33, kl loss: 0.00, nll loss: 0.11
2024-09-28 21:16:59,634 - root - INFO - epoch: 34, validation loss: 0.11
2024-09-28 21:17:17,554 - root - INFO - epoch: 34, kl loss: 0.00, nll loss: 0.11
2024-09-28 21:17:21,591 - root - INFO - epoch: 35, validation loss: 0.11
2024-09-28 21:17:21,595 - root - INFO - save parameters to file: experiments/swat_test/epoch_35.params
2024-09-28 21:17:36,528 - root - INFO - epoch: 35, kl loss: 0.00, nll loss: 0.11
2024-09-28 21:17:39,790 - root - INFO - epoch: 36, validation loss: 0.11
2024-09-28 21:17:54,114 - root - INFO - epoch: 36, kl loss: 0.00, nll loss: 0.11
2024-09-28 21:17:57,217 - root - INFO - epoch: 37, validation loss: 0.11
2024-09-28 21:18:12,209 - root - INFO - epoch: 37, kl loss: 0.00, nll loss: 0.11
2024-09-28 21:18:15,257 - root - INFO - epoch: 38, validation loss: 0.11
2024-09-28 21:18:15,263 - root - INFO - save parameters to file: experiments/swat_test/epoch_38.params
2024-09-28 21:18:31,032 - root - INFO - epoch: 38, kl loss: 0.00, nll loss: 0.11
2024-09-28 21:18:34,328 - root - INFO - epoch: 39, validation loss: 0.11
2024-09-28 21:18:48,747 - root - INFO - epoch: 39, kl loss: 0.00, nll loss: 0.11
2024-09-28 21:18:51,610 - root - INFO - epoch: 40, validation loss: 0.11
2024-09-28 21:19:06,208 - root - INFO - epoch: 40, kl loss: 0.00, nll loss: 0.11
2024-09-28 21:19:09,759 - root - INFO - epoch: 41, validation loss: 0.11
2024-09-28 21:19:25,031 - root - INFO - epoch: 41, kl loss: 0.00, nll loss: 0.11
2024-09-28 21:19:27,762 - root - INFO - epoch: 42, validation loss: 0.11
2024-09-28 21:19:45,830 - root - INFO - epoch: 42, kl loss: 0.00, nll loss: 0.11
2024-09-28 21:19:49,858 - root - INFO - epoch: 43, validation loss: 0.11
2024-09-28 21:20:05,738 - root - INFO - epoch: 43, kl loss: 0.00, nll loss: 0.11
2024-09-28 21:20:09,170 - root - INFO - epoch: 44, validation loss: 0.11
2024-09-28 21:20:24,421 - root - INFO - epoch: 44, kl loss: 0.00, nll loss: 0.11
2024-09-28 21:20:27,738 - root - INFO - epoch: 45, validation loss: 0.11
2024-09-28 21:20:42,646 - root - INFO - epoch: 45, kl loss: 0.00, nll loss: 0.11
2024-09-28 21:20:45,062 - root - INFO - epoch: 46, validation loss: 0.11
2024-09-28 21:20:59,869 - root - INFO - epoch: 46, kl loss: 0.00, nll loss: 0.11
2024-09-28 21:21:02,903 - root - INFO - epoch: 47, validation loss: 0.11
2024-09-28 21:21:18,205 - root - INFO - epoch: 47, kl loss: 0.00, nll loss: 0.11
2024-09-28 21:21:21,287 - root - INFO - epoch: 48, validation loss: 0.11
2024-09-28 21:21:35,139 - root - INFO - epoch: 48, kl loss: 0.00, nll loss: 0.11
2024-09-28 21:21:37,850 - root - INFO - epoch: 49, validation loss: 0.11
2024-09-28 21:21:52,648 - root - INFO - epoch: 49, kl loss: 0.00, nll loss: 0.11
2024-09-28 21:21:55,856 - root - INFO - epoch: 50, validation loss: 0.11
2024-09-28 21:22:13,349 - root - INFO - epoch: 50, kl loss: 0.00, nll loss: 0.11
2024-09-28 21:22:16,626 - root - INFO - epoch: 51, validation loss: 0.11
2024-09-28 21:22:32,384 - root - INFO - epoch: 51, kl loss: 0.00, nll loss: 0.11
2024-09-28 21:22:35,131 - root - INFO - epoch: 52, validation loss: 0.11
2024-09-28 21:22:35,138 - root - INFO - save parameters to file: experiments/swat_test/epoch_52.params
2024-09-28 21:22:51,005 - root - INFO - epoch: 52, kl loss: 0.00, nll loss: 0.11
2024-09-28 21:22:54,151 - root - INFO - epoch: 53, validation loss: 0.11
2024-09-28 21:22:54,159 - root - INFO - save parameters to file: experiments/swat_test/epoch_53.params
2024-09-28 21:23:09,480 - root - INFO - epoch: 53, kl loss: 0.00, nll loss: 0.11
2024-09-28 21:23:12,525 - root - INFO - epoch: 54, validation loss: 0.11
2024-09-28 21:23:28,482 - root - INFO - epoch: 54, kl loss: 0.00, nll loss: 0.11
2024-09-28 21:23:31,211 - root - INFO - epoch: 55, validation loss: 0.11
2024-09-28 21:23:46,356 - root - INFO - epoch: 55, kl loss: 0.00, nll loss: 0.11
2024-09-28 21:23:49,577 - root - INFO - epoch: 56, validation loss: 0.11
2024-09-28 21:24:03,783 - root - INFO - epoch: 56, kl loss: 0.00, nll loss: 0.11
2024-09-28 21:24:06,386 - root - INFO - epoch: 57, validation loss: 0.11
2024-09-28 21:24:20,969 - root - INFO - epoch: 57, kl loss: 0.00, nll loss: 0.11
2024-09-28 21:24:24,082 - root - INFO - epoch: 58, validation loss: 0.11
2024-09-28 21:24:41,914 - root - INFO - epoch: 58, kl loss: 0.00, nll loss: 0.11
2024-09-28 21:24:45,860 - root - INFO - epoch: 59, validation loss: 0.11
2024-09-28 21:25:01,556 - root - INFO - epoch: 59, kl loss: 0.00, nll loss: 0.11
2024-09-28 21:25:05,087 - root - INFO - epoch: 60, validation loss: 0.11
2024-09-28 21:25:18,517 - root - INFO - epoch: 60, kl loss: 0.00, nll loss: 0.11
2024-09-28 21:25:21,927 - root - INFO - epoch: 61, validation loss: 0.11
2024-09-28 21:25:35,009 - root - INFO - epoch: 61, kl loss: 0.00, nll loss: 0.11
2024-09-28 21:25:38,226 - root - INFO - epoch: 62, validation loss: 0.11
2024-09-28 21:25:52,898 - root - INFO - epoch: 62, kl loss: 0.00, nll loss: 0.11
2024-09-28 21:25:55,674 - root - INFO - epoch: 63, validation loss: 0.11
2024-09-28 21:26:10,691 - root - INFO - epoch: 63, kl loss: 0.00, nll loss: 0.11
2024-09-28 21:26:13,273 - root - INFO - epoch: 64, validation loss: 0.11
2024-09-28 21:26:27,712 - root - INFO - epoch: 64, kl loss: 0.00, nll loss: 0.11
2024-09-28 21:26:30,778 - root - INFO - epoch: 65, validation loss: 0.11
2024-09-28 21:26:44,736 - root - INFO - epoch: 65, kl loss: 0.00, nll loss: 0.11
2024-09-28 21:26:48,150 - root - INFO - epoch: 66, validation loss: 0.11
2024-09-28 21:27:04,701 - root - INFO - epoch: 66, kl loss: 0.00, nll loss: 0.11
2024-09-28 21:27:08,623 - root - INFO - epoch: 67, validation loss: 0.11
2024-09-28 21:27:22,766 - root - INFO - epoch: 67, kl loss: 0.00, nll loss: 0.11
2024-09-28 21:27:25,409 - root - INFO - epoch: 68, validation loss: 0.11
2024-09-28 21:27:38,096 - root - INFO - epoch: 68, kl loss: 0.00, nll loss: 0.11
2024-09-28 21:27:40,774 - root - INFO - epoch: 69, validation loss: 0.11
2024-09-28 21:27:55,146 - root - INFO - epoch: 69, kl loss: 0.00, nll loss: 0.11
2024-09-28 21:27:58,374 - root - INFO - epoch: 70, validation loss: 0.11
2024-09-28 21:28:13,512 - root - INFO - epoch: 70, kl loss: 0.00, nll loss: 0.11
2024-09-28 21:28:16,597 - root - INFO - epoch: 71, validation loss: 0.11
2024-09-28 21:28:30,886 - root - INFO - epoch: 71, kl loss: 0.00, nll loss: 0.11
2024-09-28 21:28:34,130 - root - INFO - epoch: 72, validation loss: 0.11
2024-09-28 21:28:48,219 - root - INFO - epoch: 72, kl loss: 0.00, nll loss: 0.11
2024-09-28 21:28:51,774 - root - INFO - epoch: 73, validation loss: 0.11
2024-09-28 21:29:07,077 - root - INFO - epoch: 73, kl loss: 0.00, nll loss: 0.11
2024-09-28 21:29:10,357 - root - INFO - epoch: 74, validation loss: 0.11
2024-09-28 21:29:25,484 - root - INFO - epoch: 74, kl loss: 0.00, nll loss: 0.11
2024-09-28 21:29:28,386 - root - INFO - epoch: 75, validation loss: 0.12
2024-09-28 21:29:45,939 - root - INFO - epoch: 75, kl loss: 0.00, nll loss: 0.11
2024-09-28 21:29:49,402 - root - INFO - epoch: 76, validation loss: 0.11
2024-09-28 21:30:03,893 - root - INFO - epoch: 76, kl loss: 0.00, nll loss: 0.11
2024-09-28 21:30:07,117 - root - INFO - epoch: 77, validation loss: 0.11
2024-09-28 21:30:22,163 - root - INFO - epoch: 77, kl loss: 0.00, nll loss: 0.11
2024-09-28 21:30:25,622 - root - INFO - epoch: 78, validation loss: 0.11
2024-09-28 21:30:41,367 - root - INFO - epoch: 78, kl loss: 0.00, nll loss: 0.11
2024-09-28 21:30:44,862 - root - INFO - epoch: 79, validation loss: 0.11
2024-09-28 21:31:00,907 - root - INFO - epoch: 79, kl loss: 0.00, nll loss: 0.11
2024-09-28 21:31:04,271 - root - INFO - epoch: 80, validation loss: 0.11
2024-09-28 21:31:19,849 - root - INFO - epoch: 80, kl loss: 0.00, nll loss: 0.11
2024-09-28 21:31:23,088 - root - INFO - epoch: 81, validation loss: 0.11
2024-09-28 21:31:38,701 - root - INFO - epoch: 81, kl loss: 0.00, nll loss: 0.11
2024-09-28 21:31:41,904 - root - INFO - epoch: 82, validation loss: 0.11
2024-09-28 21:31:41,910 - root - INFO - save parameters to file: experiments/swat_test/epoch_82.params
2024-09-28 21:31:57,411 - root - INFO - epoch: 82, kl loss: 0.00, nll loss: 0.11
2024-09-28 21:32:00,967 - root - INFO - epoch: 83, validation loss: 0.11
2024-09-28 21:32:19,157 - root - INFO - epoch: 83, kl loss: 0.00, nll loss: 0.11
2024-09-28 21:32:23,166 - root - INFO - epoch: 84, validation loss: 0.11
2024-09-28 21:32:38,607 - root - INFO - epoch: 84, kl loss: 0.00, nll loss: 0.11
2024-09-28 21:32:42,061 - root - INFO - epoch: 85, validation loss: 0.11
2024-09-28 21:32:56,864 - root - INFO - epoch: 85, kl loss: 0.00, nll loss: 0.11
2024-09-28 21:33:00,083 - root - INFO - epoch: 86, validation loss: 0.11
2024-09-28 21:33:15,590 - root - INFO - epoch: 86, kl loss: 0.00, nll loss: 0.11
2024-09-28 21:33:19,224 - root - INFO - epoch: 87, validation loss: 0.11
2024-09-28 21:33:35,036 - root - INFO - epoch: 87, kl loss: 0.00, nll loss: 0.11
2024-09-28 21:33:38,402 - root - INFO - epoch: 88, validation loss: 0.11
2024-09-28 21:33:52,574 - root - INFO - epoch: 88, kl loss: 0.00, nll loss: 0.11
2024-09-28 21:33:55,979 - root - INFO - epoch: 89, validation loss: 0.11
2024-09-28 21:34:11,263 - root - INFO - epoch: 89, kl loss: 0.00, nll loss: 0.11
2024-09-28 21:34:13,939 - root - INFO - epoch: 90, validation loss: 0.11
2024-09-28 21:34:28,444 - root - INFO - epoch: 90, kl loss: 0.00, nll loss: 0.11
2024-09-28 21:34:31,762 - root - INFO - epoch: 91, validation loss: 0.11
2024-09-28 21:34:31,768 - root - INFO - save parameters to file: experiments/swat_test/epoch_91.params
2024-09-28 21:34:49,535 - root - INFO - epoch: 91, kl loss: 0.00, nll loss: 0.11
2024-09-28 21:34:53,366 - root - INFO - epoch: 92, validation loss: 0.11
2024-09-28 21:35:09,716 - root - INFO - epoch: 92, kl loss: 0.00, nll loss: 0.11
2024-09-28 21:35:13,095 - root - INFO - epoch: 93, validation loss: 0.11
2024-09-28 21:35:27,851 - root - INFO - epoch: 93, kl loss: 0.00, nll loss: 0.11
2024-09-28 21:35:30,934 - root - INFO - epoch: 94, validation loss: 0.11
2024-09-28 21:35:45,389 - root - INFO - epoch: 94, kl loss: 0.00, nll loss: 0.11
2024-09-28 21:35:48,661 - root - INFO - epoch: 95, validation loss: 0.11
2024-09-28 21:36:03,728 - root - INFO - epoch: 95, kl loss: 0.00, nll loss: 0.11
2024-09-28 21:36:07,012 - root - INFO - epoch: 96, validation loss: 0.11
2024-09-28 21:36:21,076 - root - INFO - epoch: 96, kl loss: 0.00, nll loss: 0.11
2024-09-28 21:36:24,130 - root - INFO - epoch: 97, validation loss: 0.11
2024-09-28 21:36:38,661 - root - INFO - epoch: 97, kl loss: 0.00, nll loss: 0.11
2024-09-28 21:36:41,874 - root - INFO - epoch: 98, validation loss: 0.11
2024-09-28 21:36:56,854 - root - INFO - epoch: 98, kl loss: 0.00, nll loss: 0.11
2024-09-28 21:37:00,205 - root - INFO - epoch: 99, validation loss: 0.12
2024-09-28 21:37:16,621 - root - INFO - epoch: 99, kl loss: 0.00, nll loss: 0.11
